Arguments: 
  /Users/eigilsagafos/.nvm/versions/node/v12.18.0/bin/node /usr/local/Cellar/yarn/1.22.4/libexec/bin/yarn.js set version berry

PATH: 
  /Users/eigilsagafos/.nvm/versions/node/v12.18.0/bin:/usr/local/bin:/usr/bin:/bin:/usr/sbin:/sbin

Yarn version: 
  1.22.4

Node version: 
  12.18.0

Platform: 
  darwin x64

Trace: 
  SyntaxError: /Users/eigilsagafos/Projects/esbuild-yarn-berry/package.json: Unexpected token } in JSON at position 239
      at JSON.parse (<anonymous>)
      at /usr/local/Cellar/yarn/1.22.4/libexec/lib/cli.js:1625:59
      at Generator.next (<anonymous>)
      at step (/usr/local/Cellar/yarn/1.22.4/libexec/lib/cli.js:310:30)
      at /usr/local/Cellar/yarn/1.22.4/libexec/lib/cli.js:321:13

npm manifest: 
  {
      "name": "esbuild-yarn-berry",
      "version": "0.0.0",
      "private": true,
      "engines": {
          "node": ">=12"
      },
      "scripts": {
      },
      "dependencies": {
          "esbuild": "0.5.9",
          "esbuild-node": "0.1.2",
      }
  }

yarn manifest: 
  No manifest

Lockfile: 
  No lockfile
